2020-07-15 10:27:49.937  INFO 6856 --- [main] sso3.DemoApplication                     : Starting DemoApplication on Laptop with PID 6856 (C:\Users\Hp\Desktop\Newfolder\New folder (2)\HpSSO\HpSSO\bin\main started by Hp in C:\Users\Hp\Desktop\Newfolder\New folder (2)\HpSSO\HpSSO)
2020-07-15 10:27:50.005  INFO 6856 --- [main] sso3.DemoApplication                     : No active profile set, falling back to default profiles: default
2020-07-15 10:27:52.264  INFO 6856 --- [main] .s.d.r.c.RepositoryConfigurationDelegate : Bootstrapping Spring Data JPA repositories in DEFERRED mode.
2020-07-15 10:27:52.422  INFO 6856 --- [main] .s.d.r.c.RepositoryConfigurationDelegate : Finished Spring Data repository scanning in 126ms. Found 1 JPA repository interfaces.
2020-07-15 10:27:53.720  INFO 6856 --- [main] o.s.b.w.embedded.tomcat.TomcatWebServer  : Tomcat initialized with port(s): 8080 (http)
2020-07-15 10:27:53.733  INFO 6856 --- [main] o.apache.catalina.core.StandardService   : Starting service [Tomcat]
2020-07-15 10:27:53.733  INFO 6856 --- [main] org.apache.catalina.core.StandardEngine  : Starting Servlet engine: [Apache Tomcat/9.0.35]
2020-07-15 10:27:53.917  INFO 6856 --- [main] o.a.c.c.C.[Tomcat].[localhost].[/]       : Initializing Spring embedded WebApplicationContext
2020-07-15 10:27:53.918  INFO 6856 --- [main] o.s.web.context.ContextLoader            : Root WebApplicationContext: initialization completed in 3820 ms
2020-07-15 10:27:54.223  INFO 6856 --- [main] o.s.s.concurrent.ThreadPoolTaskExecutor  : Initializing ExecutorService 'applicationTaskExecutor'
2020-07-15 10:27:54.278  INFO 6856 --- [task-1] o.hibernate.jpa.internal.util.LogHelper  : HHH000204: Processing PersistenceUnitInfo [name: default]
2020-07-15 10:27:54.365  INFO 6856 --- [task-1] org.hibernate.Version                    : HHH000412: Hibernate ORM core version 5.4.15.Final
2020-07-15 10:27:54.434  WARN 6856 --- [main] JpaBaseConfiguration$JpaWebConfiguration : spring.jpa.open-in-view is enabled by default. Therefore, database queries may be performed during view rendering. Explicitly configure spring.jpa.open-in-view to disable this warning
2020-07-15 10:27:54.655  INFO 6856 --- [task-1] o.hibernate.annotations.common.Version   : HCANN000001: Hibernate Commons Annotations {5.1.0.Final}
2020-07-15 10:27:54.858  INFO 6856 --- [task-1] com.zaxxer.hikari.HikariDataSource       : HikariPool-1 - Starting...
2020-07-15 10:27:55.411  INFO 6856 --- [task-1] com.zaxxer.hikari.HikariDataSource       : HikariPool-1 - Start completed.
2020-07-15 10:27:55.454  INFO 6856 --- [task-1] org.hibernate.dialect.Dialect            : HHH000400: Using dialect: org.hibernate.dialect.PostgreSQLDialect
2020-07-15 10:27:57.508  INFO 6856 --- [task-1] o.h.e.t.j.p.i.JtaPlatformInitiator       : HHH000490: Using JtaPlatform implementation: [org.hibernate.engine.transaction.jta.platform.internal.NoJtaPlatform]
2020-07-15 10:27:57.526  INFO 6856 --- [task-1] j.LocalContainerEntityManagerFactoryBean : Initialized JPA EntityManagerFactory for persistence unit 'default'
2020-07-15 10:28:02.419  INFO 6856 --- [main] o.s.s.web.DefaultSecurityFilterChain     : Creating filter chain: any request, [org.springframework.security.web.context.request.async.WebAsyncManagerIntegrationFilter@83bb0f, org.springframework.security.web.context.SecurityContextPersistenceFilter@716185fe, org.springframework.security.web.header.HeaderWriterFilter@2349f14d, org.springframework.security.web.csrf.CsrfFilter@4684240f, org.springframework.security.web.authentication.logout.LogoutFilter@66383c29, org.springframework.security.oauth2.client.web.OAuth2AuthorizationRequestRedirectFilter@4bc59b27, org.springframework.security.oauth2.client.web.OAuth2LoginAuthenticationFilter@6418e39e, org.springframework.security.web.authentication.UsernamePasswordAuthenticationFilter@73041b7d, org.springframework.security.web.authentication.ui.DefaultLoginPageGeneratingFilter@25be445f, org.springframework.security.web.authentication.ui.DefaultLogoutPageGeneratingFilter@25a94b55, org.springframework.security.web.savedrequest.RequestCacheAwareFilter@478b0739, org.springframework.security.web.servletapi.SecurityContextHolderAwareRequestFilter@2a7d9b41, org.springframework.security.web.authentication.AnonymousAuthenticationFilter@6adc5b9c, org.springframework.security.web.session.SessionManagementFilter@7edb6fca, org.springframework.security.web.access.ExceptionTranslationFilter@75b38c36, org.springframework.security.web.access.intercept.FilterSecurityInterceptor@1536ea40]
2020-07-15 10:28:03.222  INFO 6856 --- [main] o.s.b.w.embedded.tomcat.TomcatWebServer  : Tomcat started on port(s): 8080 (http) with context path ''
2020-07-15 10:28:03.230  INFO 6856 --- [main] DeferredRepositoryInitializationListener : Triggering deferred initialization of Spring Data repositories…
2020-07-15 10:28:03.404  INFO 6856 --- [main] DeferredRepositoryInitializationListener : Spring Data repositories initialized!
2020-07-15 10:28:03.417  INFO 6856 --- [main] sso3.DemoApplication                     : Started DemoApplication in 14.184 seconds (JVM running for 19.762)
2020-07-15 10:28:20.456  INFO 6856 --- [http-nio-8080-exec-1] o.a.c.c.C.[Tomcat].[localhost].[/]       : Initializing Spring DispatcherServlet 'dispatcherServlet'
2020-07-15 10:28:20.457  INFO 6856 --- [http-nio-8080-exec-1] o.s.web.servlet.DispatcherServlet        : Initializing Servlet 'dispatcherServlet'
2020-07-15 10:28:20.466  INFO 6856 --- [http-nio-8080-exec-1] o.s.web.servlet.DispatcherServlet        : Completed initialization in 9 ms
2020-07-15 10:28:55.047 DEBUG 6856 --- [http-nio-8080-exec-2] o.s.web.client.RestTemplate              : HTTP POST https://graph.facebook.com/v2.8/oauth/access_token
2020-07-15 10:28:55.050 DEBUG 6856 --- [http-nio-8080-exec-2] o.s.web.client.RestTemplate              : Accept=[application/json, application/*+json]
2020-07-15 10:28:55.053 DEBUG 6856 --- [http-nio-8080-exec-2] o.s.web.client.RestTemplate              : Writing [{grant_type=[authorization_code], code=[AQAPMdtB8GSd_4_je4dTtg7K1M_5ymDh08FfL6Beofat2Qt_Nt6UZn19JPqmUY_u5wbnW-VNkeAo9jvpiMYNG8A6oqz6GTWcwdEQ6L-tYYSkcJjzX0_k6BskrcC93eyhjjxh2GnXn1d4GKS_B2cs4mvoFfs6nCMlZho43mzGDPqH-PMTMWjLJ4unwhAZhnHxWEY1WgdbACn4_KSSKdSvUTql4Z-OWLdTHkBW9fEmTJVFopM0b3yBXBGJ_69a7z3xNryDFp76AW9S78c0fpiV0gYHCGHe-4K8_3rXhqFmq15t4jAxrPBruRy2hDia-XVZ1uUNzrzCXjn-1s95TVrSbc1P], redirect_uri=[http://localhost:8080/login/oauth2/code/facebook], client_id=[297712418309140], client_secret=[373cd420337d6dc1c9acbdbc06047494]}] as "application/x-www-form-urlencoded;charset=UTF-8"
2020-07-15 10:28:56.583 DEBUG 6856 --- [http-nio-8080-exec-2] o.s.web.client.RestTemplate              : Response 200 OK
2020-07-15 10:28:56.586 DEBUG 6856 --- [http-nio-8080-exec-2] o.s.web.client.RestTemplate              : Reading to [org.springframework.security.oauth2.core.endpoint.OAuth2AccessTokenResponse] as "application/json;charset=UTF-8"
2020-07-15 10:28:56.745 DEBUG 6856 --- [http-nio-8080-exec-2] o.s.web.client.RestTemplate              : HTTP GET https://graph.facebook.com/me?fields=id,name,email
2020-07-15 10:28:56.746 DEBUG 6856 --- [http-nio-8080-exec-2] o.s.web.client.RestTemplate              : Accept=[application/json, application/*+json]
2020-07-15 10:28:57.201 DEBUG 6856 --- [http-nio-8080-exec-2] o.s.web.client.RestTemplate              : Response 200 OK
2020-07-15 10:28:57.202 DEBUG 6856 --- [http-nio-8080-exec-2] o.s.web.client.RestTemplate              : Reading to [java.util.Map<java.lang.String, java.lang.Object>]
2020-07-15 10:29:20.002 DEBUG 6856 --- [http-nio-8080-exec-9] o.s.web.client.RestTemplate              : HTTP POST https://www.googleapis.com/oauth2/v4/token
2020-07-15 10:29:20.003 DEBUG 6856 --- [http-nio-8080-exec-9] o.s.web.client.RestTemplate              : Accept=[application/json, application/*+json]
2020-07-15 10:29:20.003 DEBUG 6856 --- [http-nio-8080-exec-9] o.s.web.client.RestTemplate              : Writing [{grant_type=[authorization_code], code=[4/1wGEYARqiqvWDsfDTWOUYRjODELPcloE7JDWBhBeifsUAIBUnZqmSd3mIKyjjHG2CVynqo0opddC3qTPxnV-x_E], redirect_uri=[http://localhost:8080/login/oauth2/code/google]}] as "application/x-www-form-urlencoded;charset=UTF-8"
2020-07-15 10:29:20.423 DEBUG 6856 --- [http-nio-8080-exec-9] o.s.web.client.RestTemplate              : Response 200 OK
2020-07-15 10:29:20.423 DEBUG 6856 --- [http-nio-8080-exec-9] o.s.web.client.RestTemplate              : Reading to [org.springframework.security.oauth2.core.endpoint.OAuth2AccessTokenResponse] as "application/json;charset=utf-8"
2020-07-15 10:29:20.729 DEBUG 6856 --- [http-nio-8080-exec-9] o.s.web.client.RestTemplate              : HTTP GET https://www.googleapis.com/oauth2/v3/certs
2020-07-15 10:29:20.764 DEBUG 6856 --- [http-nio-8080-exec-9] o.s.web.client.RestTemplate              : Accept=[text/plain, application/json, application/*+json, */*]
2020-07-15 10:29:20.791 DEBUG 6856 --- [http-nio-8080-exec-9] o.s.web.client.RestTemplate              : Response 200 OK
2020-07-15 10:29:20.792 DEBUG 6856 --- [http-nio-8080-exec-9] o.s.web.client.RestTemplate              : Reading to [java.lang.String] as "application/json;charset=UTF-8"
2020-07-15 10:30:23.414 DEBUG 6856 --- [http-nio-8080-exec-8] o.s.web.client.RestTemplate              : HTTP POST https://www.googleapis.com/oauth2/v4/token
2020-07-15 10:30:23.414 DEBUG 6856 --- [http-nio-8080-exec-8] o.s.web.client.RestTemplate              : Accept=[application/json, application/*+json]
2020-07-15 10:30:23.415 DEBUG 6856 --- [http-nio-8080-exec-8] o.s.web.client.RestTemplate              : Writing [{grant_type=[authorization_code], code=[4/1wENRUrbjVhNxkZw0CggDI3yNTCuohd94k18jav-d9XXxlX5xCt8reAbpubeUX02773x8ecUqV46NjlI4eKzKY8], redirect_uri=[http://localhost:8080/login/oauth2/code/google]}] as "application/x-www-form-urlencoded;charset=UTF-8"
2020-07-15 10:30:23.747 DEBUG 6856 --- [http-nio-8080-exec-8] o.s.web.client.RestTemplate              : Response 200 OK
2020-07-15 10:30:23.748 DEBUG 6856 --- [http-nio-8080-exec-8] o.s.web.client.RestTemplate              : Reading to [org.springframework.security.oauth2.core.endpoint.OAuth2AccessTokenResponse] as "application/json;charset=utf-8"
2020-07-15 10:31:04.085 DEBUG 6856 --- [http-nio-8080-exec-5] o.s.web.client.RestTemplate              : HTTP POST https://www.googleapis.com/oauth2/v4/token
2020-07-15 10:31:04.087 DEBUG 6856 --- [http-nio-8080-exec-5] o.s.web.client.RestTemplate              : Accept=[application/json, application/*+json]
2020-07-15 10:31:04.088 DEBUG 6856 --- [http-nio-8080-exec-5] o.s.web.client.RestTemplate              : Writing [{grant_type=[authorization_code], code=[4/1wGDhiOd1IEZfKR5c_v06tCSmWIxuYsV_4cIboTwPA1qOX6dUwtswVUj-z7i2gsTX_CyPmXE6j28HIp1tRjbeLU], redirect_uri=[http://localhost:8080/login/oauth2/code/google]}] as "application/x-www-form-urlencoded;charset=UTF-8"
2020-07-15 10:31:05.874 DEBUG 6856 --- [http-nio-8080-exec-5] o.s.web.client.RestTemplate              : Response 200 OK
2020-07-15 10:31:05.875 DEBUG 6856 --- [http-nio-8080-exec-5] o.s.web.client.RestTemplate              : Reading to [org.springframework.security.oauth2.core.endpoint.OAuth2AccessTokenResponse] as "application/json;charset=utf-8"
2020-07-15 10:31:39.505 DEBUG 6856 --- [http-nio-8080-exec-10] o.s.web.client.RestTemplate              : HTTP POST https://graph.facebook.com/v2.8/oauth/access_token
2020-07-15 10:31:39.506 DEBUG 6856 --- [http-nio-8080-exec-10] o.s.web.client.RestTemplate              : Accept=[application/json, application/*+json]
2020-07-15 10:31:39.507 DEBUG 6856 --- [http-nio-8080-exec-10] o.s.web.client.RestTemplate              : Writing [{grant_type=[authorization_code], code=[AQCSXFY2to2N5juZt_7ANr2-mjp49_DW7gUhAjKH2p5Ggic9H4-Ym0nYvtncamzjKH7oIYTjKaNOQ4Q_wVX-aBrb5bXGkz13C2sVolNRDt7xrSVVURaY-vL6OpipuWxWO_HMi-i6dAaqRO1ZF7vZgJnMveA0QU3MLCOUm7OgJy1TZXKVngSD6QrUpqFVPHCtnlUlDRKuUcV0jzFYuDkpCcfU3-CC9aw3zjOThLsfBquAhYVs3EUCO5zXVsoL7z-yT1B3MTao0cb8pScySO5Nomq3y1Tg8Mgf7oTeuCWZk4RWYuqSaHzfQHSLS9Z37EYCBqIsM3KpyivKhR5baF8MSVF1], redirect_uri=[http://localhost:8080/login/oauth2/code/facebook], client_id=[297712418309140], client_secret=[373cd420337d6dc1c9acbdbc06047494]}] as "application/x-www-form-urlencoded;charset=UTF-8"
2020-07-15 10:31:40.421 DEBUG 6856 --- [http-nio-8080-exec-10] o.s.web.client.RestTemplate              : Response 200 OK
2020-07-15 10:31:40.422 DEBUG 6856 --- [http-nio-8080-exec-10] o.s.web.client.RestTemplate              : Reading to [org.springframework.security.oauth2.core.endpoint.OAuth2AccessTokenResponse] as "application/json;charset=UTF-8"
2020-07-15 10:31:40.424 DEBUG 6856 --- [http-nio-8080-exec-10] o.s.web.client.RestTemplate              : HTTP GET https://graph.facebook.com/me?fields=id,name,email
2020-07-15 10:31:40.425 DEBUG 6856 --- [http-nio-8080-exec-10] o.s.web.client.RestTemplate              : Accept=[application/json, application/*+json]
2020-07-15 10:31:40.797 DEBUG 6856 --- [http-nio-8080-exec-10] o.s.web.client.RestTemplate              : Response 200 OK
2020-07-15 10:31:40.798 DEBUG 6856 --- [http-nio-8080-exec-10] o.s.web.client.RestTemplate              : Reading to [java.util.Map<java.lang.String, java.lang.Object>]
2020-07-15 10:31:44.527 DEBUG 6856 --- [http-nio-8080-exec-7] o.s.web.client.RestTemplate              : HTTP POST https://www.googleapis.com/oauth2/v4/token
2020-07-15 10:31:44.528 DEBUG 6856 --- [http-nio-8080-exec-7] o.s.web.client.RestTemplate              : Accept=[application/json, application/*+json]
2020-07-15 10:31:44.528 DEBUG 6856 --- [http-nio-8080-exec-7] o.s.web.client.RestTemplate              : Writing [{grant_type=[authorization_code], code=[4/1wHA3Y3BCzBYumg2yz4f0yb3qM9v9f-W2pWJKYhABvHWB2SFV-dmGyBdqewNHe3DbosPpWSVh7QYsL9rnOB0mv8], redirect_uri=[http://localhost:8080/login/oauth2/code/google]}] as "application/x-www-form-urlencoded;charset=UTF-8"
2020-07-15 10:31:46.117 DEBUG 6856 --- [http-nio-8080-exec-7] o.s.web.client.RestTemplate              : Response 200 OK
2020-07-15 10:31:46.118 DEBUG 6856 --- [http-nio-8080-exec-7] o.s.web.client.RestTemplate              : Reading to [org.springframework.security.oauth2.core.endpoint.OAuth2AccessTokenResponse] as "application/json;charset=utf-8"
2020-07-15 10:52:49.202  INFO 6856 --- [RMI TCP Connection(2)-127.0.0.1] inMXBeanRegistrar$SpringApplicationAdmin : Application shutdown requested.
2020-07-15 10:52:49.430  INFO 6856 --- [RMI TCP Connection(2)-127.0.0.1] j.LocalContainerEntityManagerFactoryBean : Closing JPA EntityManagerFactory for persistence unit 'default'
2020-07-15 10:52:49.446  INFO 6856 --- [RMI TCP Connection(2)-127.0.0.1] o.s.s.concurrent.ThreadPoolTaskExecutor  : Shutting down ExecutorService 'applicationTaskExecutor'
2020-07-15 10:52:49.446  INFO 6856 --- [RMI TCP Connection(2)-127.0.0.1] com.zaxxer.hikari.HikariDataSource       : HikariPool-1 - Shutdown initiated...
2020-07-15 10:52:49.461  INFO 6856 --- [RMI TCP Connection(2)-127.0.0.1] com.zaxxer.hikari.HikariDataSource       : HikariPool-1 - Shutdown completed.
